{
  "C:\\js-dev\\frontend-project-lvl2\\src\\gendiff-index.js": {
    "path": "C:\\js-dev\\frontend-project-lvl2\\src\\gendiff-index.js",
    "statementMap": {
      "0": {
        "start": { "line": 4, "column": 20 },
        "end": { "line": 4, "column": 25 }
      },
      "1": {
        "start": { "line": 5, "column": 19 },
        "end": { "line": 5, "column": 24 }
      },
      "2": {
        "start": { "line": 6, "column": 18 },
        "end": { "line": 6, "column": 23 }
      },
      "3": {
        "start": { "line": 8, "column": 20 },
        "end": { "line": 16, "column": 1 }
      },
      "4": {
        "start": { "line": 9, "column": 2 },
        "end": { "line": 15, "column": 3 }
      },
      "5": {
        "start": { "line": 10, "column": 17 },
        "end": { "line": 10, "column": 47 }
      },
      "6": {
        "start": { "line": 11, "column": 4 },
        "end": { "line": 11, "column": 16 }
      },
      "7": {
        "start": { "line": 13, "column": 4 },
        "end": { "line": 13, "column": 19 }
      },
      "8": {
        "start": { "line": 14, "column": 4 },
        "end": { "line": 14, "column": 16 }
      },
      "9": {
        "start": { "line": 18, "column": 22 },
        "end": { "line": 25, "column": 1 }
      },
      "10": {
        "start": { "line": 19, "column": 18 },
        "end": { "line": 19, "column": 39 }
      },
      "11": {
        "start": { "line": 20, "column": 15 },
        "end": { "line": 20, "column": 68 }
      },
      "12": {
        "start": { "line": 20, "column": 41 },
        "end": { "line": 20, "column": 67 }
      },
      "13": {
        "start": { "line": 21, "column": 2 },
        "end": { "line": 24, "column": 5 }
      },
      "14": {
        "start": { "line": 22, "column": 4 },
        "end": { "line": 22, "column": 23 }
      },
      "15": {
        "start": { "line": 23, "column": 4 },
        "end": { "line": 23, "column": 16 }
      },
      "16": {
        "start": { "line": 27, "column": 24 },
        "end": { "line": 41, "column": 1 }
      },
      "17": {
        "start": { "line": 28, "column": 18 },
        "end": { "line": 28, "column": 39 }
      },
      "18": {
        "start": { "line": 29, "column": 19 },
        "end": { "line": 29, "column": 71 }
      },
      "19": {
        "start": { "line": 29, "column": 45 },
        "end": { "line": 29, "column": 70 }
      },
      "20": {
        "start": { "line": 30, "column": 17 },
        "end": { "line": 30, "column": 19 }
      },
      "21": {
        "start": { "line": 31, "column": 2 },
        "end": { "line": 38, "column": 5 }
      },
      "22": {
        "start": { "line": 32, "column": 4 },
        "end": { "line": 37, "column": 5 }
      },
      "23": {
        "start": { "line": 33, "column": 6 },
        "end": { "line": 33, "column": 43 }
      },
      "24": {
        "start": { "line": 35, "column": 6 },
        "end": { "line": 35, "column": 45 }
      },
      "25": {
        "start": { "line": 36, "column": 6 },
        "end": { "line": 36, "column": 49 }
      },
      "26": {
        "start": { "line": 40, "column": 2 },
        "end": { "line": 40, "column": 16 }
      },
      "27": {
        "start": { "line": 43, "column": 19 },
        "end": { "line": 47, "column": 1 }
      },
      "28": {
        "start": { "line": 44, "column": 17 },
        "end": { "line": 44, "column": 49 }
      },
      "29": {
        "start": { "line": 44, "column": 45 },
        "end": { "line": 44, "column": 48 }
      },
      "30": {
        "start": { "line": 45, "column": 16 },
        "end": { "line": 45, "column": 86 }
      },
      "31": {
        "start": { "line": 45, "column": 51 },
        "end": { "line": 45, "column": 85 }
      },
      "32": {
        "start": { "line": 46, "column": 2 },
        "end": { "line": 46, "column": 41 }
      },
      "33": {
        "start": { "line": 49, "column": 21 },
        "end": { "line": 59, "column": 1 }
      },
      "34": {
        "start": { "line": 50, "column": 20 },
        "end": { "line": 50, "column": 50 }
      },
      "35": {
        "start": { "line": 51, "column": 20 },
        "end": { "line": 51, "column": 50 }
      },
      "36": {
        "start": { "line": 53, "column": 21 },
        "end": { "line": 53, "column": 69 }
      },
      "37": {
        "start": { "line": 54, "column": 20 },
        "end": { "line": 54, "column": 67 }
      },
      "38": {
        "start": { "line": 55, "column": 26 },
        "end": { "line": 55, "column": 63 }
      },
      "39": {
        "start": { "line": 56, "column": 18 },
        "end": { "line": 56, "column": 67 }
      },
      "40": {
        "start": { "line": 58, "column": 2 },
        "end": { "line": 58, "column": 29 }
      }
    },
    "fnMap": {
      "0": {
        "name": "(anonymous_0)",
        "decl": {
          "start": { "line": 8, "column": 20 },
          "end": { "line": 8, "column": 21 }
        },
        "loc": {
          "start": { "line": 8, "column": 34 },
          "end": { "line": 16, "column": 1 }
        },
        "line": 8
      },
      "1": {
        "name": "(anonymous_1)",
        "decl": {
          "start": { "line": 18, "column": 22 },
          "end": { "line": 18, "column": 23 }
        },
        "loc": {
          "start": { "line": 18, "column": 46 },
          "end": { "line": 25, "column": 1 }
        },
        "line": 18
      },
      "2": {
        "name": "(anonymous_2)",
        "decl": {
          "start": { "line": 20, "column": 30 },
          "end": { "line": 20, "column": 31 }
        },
        "loc": {
          "start": { "line": 20, "column": 41 },
          "end": { "line": 20, "column": 67 }
        },
        "line": 20
      },
      "3": {
        "name": "(anonymous_3)",
        "decl": {
          "start": { "line": 21, "column": 18 },
          "end": { "line": 21, "column": 19 }
        },
        "loc": {
          "start": { "line": 21, "column": 28 },
          "end": { "line": 24, "column": 3 }
        },
        "line": 21
      },
      "4": {
        "name": "(anonymous_4)",
        "decl": {
          "start": { "line": 27, "column": 24 },
          "end": { "line": 27, "column": 25 }
        },
        "loc": {
          "start": { "line": 27, "column": 42 },
          "end": { "line": 41, "column": 1 }
        },
        "line": 27
      },
      "5": {
        "name": "(anonymous_5)",
        "decl": {
          "start": { "line": 29, "column": 34 },
          "end": { "line": 29, "column": 35 }
        },
        "loc": {
          "start": { "line": 29, "column": 45 },
          "end": { "line": 29, "column": 70 }
        },
        "line": 29
      },
      "6": {
        "name": "(anonymous_6)",
        "decl": {
          "start": { "line": 31, "column": 19 },
          "end": { "line": 31, "column": 20 }
        },
        "loc": {
          "start": { "line": 31, "column": 37 },
          "end": { "line": 38, "column": 3 }
        },
        "line": 31
      },
      "7": {
        "name": "(anonymous_7)",
        "decl": {
          "start": { "line": 43, "column": 19 },
          "end": { "line": 43, "column": 20 }
        },
        "loc": {
          "start": { "line": 43, "column": 29 },
          "end": { "line": 47, "column": 1 }
        },
        "line": 43
      },
      "8": {
        "name": "(anonymous_8)",
        "decl": {
          "start": { "line": 44, "column": 32 },
          "end": { "line": 44, "column": 33 }
        },
        "loc": {
          "start": { "line": 44, "column": 45 },
          "end": { "line": 44, "column": 48 }
        },
        "line": 44
      },
      "9": {
        "name": "(anonymous_9)",
        "decl": {
          "start": { "line": 45, "column": 27 },
          "end": { "line": 45, "column": 28 }
        },
        "loc": {
          "start": { "line": 45, "column": 51 },
          "end": { "line": 45, "column": 85 }
        },
        "line": 45
      },
      "10": {
        "name": "(anonymous_10)",
        "decl": {
          "start": { "line": 49, "column": 21 },
          "end": { "line": 49, "column": 22 }
        },
        "loc": {
          "start": { "line": 49, "column": 39 },
          "end": { "line": 59, "column": 1 }
        },
        "line": 49
      }
    },
    "branchMap": {
      "0": {
        "loc": {
          "start": { "line": 32, "column": 4 },
          "end": { "line": 37, "column": 5 }
        },
        "type": "if",
        "locations": [
          {
            "start": { "line": 32, "column": 4 },
            "end": { "line": 37, "column": 5 }
          },
          {
            "start": { "line": 34, "column": 11 },
            "end": { "line": 37, "column": 5 }
          }
        ],
        "line": 32
      }
    },
    "s": {
      "0": 1,
      "1": 1,
      "2": 1,
      "3": 1,
      "4": 4,
      "5": 4,
      "6": 2,
      "7": 2,
      "8": 2,
      "9": 1,
      "10": 3,
      "11": 2,
      "12": 7,
      "13": 2,
      "14": 3,
      "15": 3,
      "16": 1,
      "17": 1,
      "18": 1,
      "19": 4,
      "20": 1,
      "21": 1,
      "22": 2,
      "23": 1,
      "24": 1,
      "25": 1,
      "26": 1,
      "27": 1,
      "28": 1,
      "29": 6,
      "30": 1,
      "31": 6,
      "32": 1,
      "33": 1,
      "34": 2,
      "35": 2,
      "36": 2,
      "37": 1,
      "38": 1,
      "39": 1,
      "40": 1
    },
    "f": {
      "0": 4,
      "1": 3,
      "2": 7,
      "3": 3,
      "4": 1,
      "5": 4,
      "6": 2,
      "7": 1,
      "8": 6,
      "9": 6,
      "10": 2
    },
    "b": { "0": [1, 1] },
    "_coverageSchema": "1a1c01bbd47fc00a2c39e90264f33305004495a9",
    "hash": "4f2549af837982e5cc1728032be0e6a37b976081"
  }
}
